#
# There is insufficient memory for the Java Runtime Environment to continue.
# Native memory allocation (mmap) failed to map 125829120 bytes for G1 virtual space
# Possible reasons:
#   The system is out of physical RAM or swap space
#   The process is running with CompressedOops enabled, and the Java Heap may be blocking the growth of the native heap
# Possible solutions:
#   Reduce memory load on the system
#   Increase physical memory or swap space
#   Check if swap backing store is full
#   Decrease Java heap size (-Xmx/-Xms)
#   Decrease number of Java threads
#   Decrease Java thread stack sizes (-Xss)
#   Set larger code cache with -XX:ReservedCodeCacheSize=
#   JVM is running with Unscaled Compressed Oops mode in which the Java heap is
#     placed in the first 4GB address space. The Java Heap base address is the
#     maximum limit for the native heap growth. Please use -XX:HeapBaseMinAddress
#     to set the Java Heap base and to place the Java Heap above 4GB virtual address.
# This output file may be truncated or incomplete.
#
#  Out of Memory Error (os_windows.cpp:3532), pid=11488, tid=4124
#
# JRE version:  (17.0.2+8) (build )
# Java VM: Java HotSpot(TM) 64-Bit Server VM (17.0.2+8-LTS-86, mixed mode, sharing, tiered, compressed oops, compressed class ptrs, g1 gc, windows-amd64)
# No core dump will be written. Minidumps are not enabled by default on client versions of Windows
#

---------------  S U M M A R Y ------------

Command Line: -agentlib:jdwp=transport=dt_socket,address=127.0.0.1:55261,suspend=y,server=n -javaagent:C:\Users\1691166\AppData\Local\JetBrains\IntelliJIdea2022.1\captureAgent\debugger-agent.jar -Dfile.encoding=UTF-8 Main

Host: AMD A4-9120e RADEON R3, 4 COMPUTE CORES 2C+2G  , 2 cores, 7G,  Windows 10 , 64 bit Build 19041 (10.0.19041.1889)
Time: Fri Oct  7 13:23:40 2022 RTZ 4 (s 10 , 64 bit Build 19041 (10.0.19041.1889) elapsed time: 0.072379 seconds (0d 0h 0m 0s)

---------------  T H R E A D  ---------------

Current thread (0x0000024161552e10):  JavaThread "Unknown thread" [_thread_in_vm, id=4124, stack(0x000000945e800000,0x000000945e900000)]

Stack: [0x000000945e800000,0x000000945e900000]
Native frames: (J=compiled Java code, j=interpreted, Vv=VM code, C=native code)
V  [jvm.dll+0x670baa]
V  [jvm.dll+0x7cfcb4]
V  [jvm.dll+0x7d145e]
V  [jvm.dll+0x7d1ac3]
V  [jvm.dll+0x242bc5]
V  [jvm.dll+0x66dac9]
V  [jvm.dll+0x662412]
V  [jvm.dll+0x300c0b]
V  [jvm.dll+0x3081a6]
V  [jvm.dll+0x357d0e]
V  [jvm.dll+0x357f3f]
V  [jvm.dll+0x2d7ec8]
V  [jvm.dll+0x2d8e34]
V  [jvm.dll+0x7a18c1]
V  [jvm.dll+0x365a91]
V  [jvm.dll+0x780d2c]
V  [jvm.dll+0x3e845f]
V  [jvm.dll+0x3e9f01]
C  [jli.dll+0x527b]
C  [ucrtbase.dll+0x21bb2]
C  [KERNEL32.DLL+0x17034]
C  [ntdll.dll+0x526a1]


---------------  P R O C E S S  ---------------

Threads class SMR info:
_java_thread_list=0x00007fffda699858, length=0, elements={
}

Java Threads: ( => current thread )

Other Threads:
  0x000002415f45e590 GCTaskThread "GC Thread#0" [stack: 0x000000945e900000,0x000000945ea00000] [id=10188]
  0x000002416159a570 ConcurrentGCThread "G1 Main Marker" [stack: 0x000000945ea00000,0x000000945eb00000] [id=7456]
  0x000002416159bf90 ConcurrentGCThread "G1 Conc#0" [stack: 0x000000945eb00000,0x000000945ec00000] [id=9264]

[error occurred during error reporting (printing all threads), id 0xc0000005, EXCEPTION_ACCESS_VIOLATION (0xc0000005) at pc=0x00007fffd9ee88a7]

VM state: not at safepoint (not fully initialized)

VM Mutex/Monitor currently owned by a thread:  ([mutex/lock_event])
[0x000002416154fce0] Heap_lock - owner thread: 0x0000024161552e10

Heap address: 0x0000000089800000, size: 1896 MB, Compressed Oops mode: 32-bit

CDS archive(s) mapped at: [0x0000000000000000-0x0000000000000000-0x0000000000000000), size 0, SharedBaseAddress: 0x0000000800000000, ArchiveRelocationMode: 0.
Narrow klass base: 0x0000000000000000, Narrow klass shift: 0, Narrow klass range: 0x0

GC Precious Log:
<Empty>

Heap:
 garbage-first heap   total 0K, used 0K [0x0000000089800000, 0x0000000100000000)
  region size 1024K, 0 young (0K), 0 survivors (0K)

[error occurred during error reporting (printing heap information), id 0xc0000005, EXCEPTION_ACCESS_VIOLATION (0xc0000005) at pc=0x00007fffda2c9f19]

GC Heap History (0 events):
No events

Deoptimization events (0 events):
No events

Classes unloaded (0 events):
No events

Classes redefined (0 events):
No events

Internal exceptions (0 events):
No events

VM Operations (0 events):
No events

Events (2 events):
Event: 0.054 Loaded shared library C:\Program Files\Java\jdk-17.0.2\bin\java.dll
Event: 0.058 Loaded shared library C:\Program Files\Java\jdk-17.0.2\bin\zip.dll


Dynamic libraries:
0x00007ff6ff620000 - 0x00007ff6ff630000 	C:\Program Files\Java\jdk-17.0.2\bin\java.exe
0x00007ff82aa70000 - 0x00007ff82ac68000 	C:\WINDOWS\SYSTEM32\ntdll.dll
0x00007ff82a560000 - 0x00007ff82a61d000 	C:\WINDOWS\System32\KERNEL32.DLL
0x00007ff828660000 - 0x00007ff82892e000 	C:\WINDOWS\System32\KERNELBASE.dll
0x00007ff828930000 - 0x00007ff828a30000 	C:\WINDOWS\System32\ucrtbase.dll
0x00007ff821980000 - 0x00007ff82199a000 	C:\Program Files\Java\jdk-17.0.2\bin\VCRUNTIME140.dll
0x00007ff823650000 - 0x00007ff823668000 	C:\Program Files\Java\jdk-17.0.2\bin\jli.dll
0x00007ff828c00000 - 0x00007ff828cae000 	C:\WINDOWS\System32\ADVAPI32.dll
0x00007ff829a10000 - 0x00007ff829aae000 	C:\WINDOWS\System32\msvcrt.dll
0x00007ff82a620000 - 0x00007ff82a6bc000 	C:\WINDOWS\System32\sechost.dll
0x00007ff82a8d0000 - 0x00007ff82a9f5000 	C:\WINDOWS\System32\RPCRT4.dll
0x00007ff8293a0000 - 0x00007ff829540000 	C:\WINDOWS\System32\USER32.dll
0x00007ff828a30000 - 0x00007ff828a52000 	C:\WINDOWS\System32\win32u.dll
0x00007ff8296f0000 - 0x00007ff82971a000 	C:\WINDOWS\System32\GDI32.dll
0x00007ff8281e0000 - 0x00007ff8282eb000 	C:\WINDOWS\System32\gdi32full.dll
0x00007ff8283a0000 - 0x00007ff82843d000 	C:\WINDOWS\System32\msvcp_win.dll
0x00007ff8274a0000 - 0x00007ff82773a000 	C:\WINDOWS\WinSxS\amd64_microsoft.windows.common-controls_6595b64144ccf1df_6.0.19041.1110_none_60b5254171f9507e\COMCTL32.dll
0x00007ff820a40000 - 0x00007ff820a4a000 	C:\WINDOWS\SYSTEM32\VERSION.dll
0x00007ff82aa00000 - 0x00007ff82aa30000 	C:\WINDOWS\System32\IMM32.DLL
0x00007ff827940000 - 0x00007ff82794c000 	C:\Program Files\Java\jdk-17.0.2\bin\vcruntime140_1.dll
0x00007ff81f6b0000 - 0x00007ff81f73d000 	C:\Program Files\Java\jdk-17.0.2\bin\msvcp140.dll
0x00007fffd9c00000 - 0x00007fffda7c1000 	C:\Program Files\Java\jdk-17.0.2\bin\server\jvm.dll
0x00007ff82a7b0000 - 0x00007ff82a7b8000 	C:\WINDOWS\System32\PSAPI.DLL
0x00007ff8235e0000 - 0x00007ff8235e9000 	C:\WINDOWS\SYSTEM32\WSOCK32.dll
0x00007ff8291e0000 - 0x00007ff82924b000 	C:\WINDOWS\System32\WS2_32.dll
0x00007ff820a50000 - 0x00007ff820a77000 	C:\WINDOWS\SYSTEM32\WINMM.dll
0x00007ff8263c0000 - 0x00007ff8263d2000 	C:\WINDOWS\SYSTEM32\kernel.appcore.dll
0x00007ff823640000 - 0x00007ff82364a000 	C:\Program Files\Java\jdk-17.0.2\bin\jimage.dll
0x00007ff827980000 - 0x00007ff827b64000 	C:\WINDOWS\SYSTEM32\DBGHELP.DLL
0x00007ff8278d0000 - 0x00007ff8278fc000 	C:\WINDOWS\SYSTEM32\dbgcore.DLL
0x00007ff828440000 - 0x00007ff8284c2000 	C:\WINDOWS\System32\bcryptPrimitives.dll
0x00007ff817200000 - 0x00007ff81723b000 	C:\Program Files\Java\jdk-17.0.2\bin\jdwp.dll
0x00007ff823610000 - 0x00007ff82361e000 	C:\Program Files\Java\jdk-17.0.2\bin\instrument.dll
0x00007ff821950000 - 0x00007ff821975000 	C:\Program Files\Java\jdk-17.0.2\bin\java.dll
0x00007ff821360000 - 0x00007ff821378000 	C:\Program Files\Java\jdk-17.0.2\bin\zip.dll

dbghelp: loaded successfully - version: 4.0.5 - missing functions: none
symbol engine: initialized successfully - sym options: 0x614 - pdb path: .;C:\Program Files\Java\jdk-17.0.2\bin;C:\WINDOWS\SYSTEM32;C:\WINDOWS\WinSxS\amd64_microsoft.windows.common-controls_6595b64144ccf1df_6.0.19041.1110_none_60b5254171f9507e;C:\Program Files\Java\jdk-17.0.2\bin\server

VM Arguments:
jvm_args: -agentlib:jdwp=transport=dt_socket,address=127.0.0.1:55261,suspend=y,server=n -javaagent:C:\Users\1691166\AppData\Local\JetBrains\IntelliJIdea2022.1\captureAgent\debugger-agent.jar -Dfile.encoding=UTF-8 
java_command: Main
java_class_path (initial): C:\Users\1691166\Download\lab2\out\production\lab2;C:\IntelliJ IDEA 2021.3.2\lib\idea_rt.jar
Launcher Type: SUN_STANDARD

[Global flags]
     intx CICompilerCount                          = 2                                         {product} {ergonomic}
     uint ConcGCThreads                            = 1                                         {product} {ergonomic}
     uint G1ConcRefinementThreads                  = 2                                         {product} {ergonomic}
   size_t G1HeapRegionSize                         = 1048576                                   {product} {ergonomic}
    uintx GCDrainStackTargetSize                   = 64                                        {product} {ergonomic}
   size_t InitialHeapSize                          = 125829120                                 {product} {ergonomic}
   size_t MarkStackSize                            = 4194304                                   {product} {ergonomic}
   size_t MaxHeapSize                              = 1988100096                                {product} {ergonomic}
   size_t MinHeapDeltaBytes                        = 1048576                                   {product} {ergonomic}
   size_t MinHeapSize                              = 8388608                                   {product} {ergonomic}
    uintx NonNMethodCodeHeapSize                   = 5826188                                {pd product} {ergonomic}
    uintx NonProfiledCodeHeapSize                  = 122916026                              {pd product} {ergonomic}
    uintx ProfiledCodeHeapSize                     = 122916026                              {pd product} {ergonomic}
    uintx ReservedCodeCacheSize                    = 251658240                              {pd product} {ergonomic}
     bool SegmentedCodeCache                       = true                                      {product} {ergonomic}
   size_t SoftMaxHeapSize                          = 1988100096                             {manageable} {ergonomic}
     bool UseCompressedClassPointers               = true                           {product lp64_product} {ergonomic}
     bool UseCompressedOops                        = true                           {product lp64_product} {ergonomic}
     bool UseG1GC                                  = true                                      {product} {ergonomic}
     bool UseLargePagesIndividualAllocation        = false                                  {pd product} {ergonomic}

Logging:
Log output configuration:
 #0: stdout all=warning uptime,level,tags
 #1: stderr all=off uptime,level,tags

Environment Variables:
JAVA_HOME=C:\Program Files\Java\jdk1.8.0_321
PATH=C:\Program Files\Eclipse Adoptium\jdk-17.0.4.8-hotspot\bin;C:\Program Files\Python38\Scripts\;C:\Program Files\Python38\;C:\Program Files\Common Files\Oracle\Java\javapath;C:\Program Files (x86)\Common Files\Oracle\Java\javapath;C:\WINDOWS\system32;C:\WINDOWS;C:\WINDOWS\System32\Wbem;C:\WINDOWS\System32\WindowsPowerShell\v1.0\;C:\WINDOWS\System32\OpenSSH\;"C:\Program Files\Java\jre1.8.0_321; C:\Program Files\Java\jdk1.8.0_321\bin";C:\Program Files (x86)\IncrediBuild;C:\Program Files\Git\cmd;C:\Program Files\MySQL\MySQL Shell 8.0\bin\;C:\Users\1691166\AppData\Local\Programs\Python\Python310\Scripts\;C:\Users\1691166\AppData\Local\Programs\Python\Python310\;C:\Users\1691166\AppData\Local\Microsoft\WindowsApps;;C:\Microsoft VS Code\bin
USERNAME=1691166
OS=Windows_NT
PROCESSOR_IDENTIFIER=AMD64 Family 21 Model 112 Stepping 0, AuthenticAMD



---------------  S Y S T E M  ---------------

OS:
 Windows 10 , 64 bit Build 19041 (10.0.19041.1889)
OS uptime: 12 days 15:14 hours

CPU: total 2 (initial active 2) (2 cores per cpu, 1 threads per core) family 21 model 112 stepping 0 microcode 0x0, cx8, cmov, fxsr, mmx, 3dnowpref, sse, sse2, sse3, ssse3, sse4a, sse4.1, sse4.2, popcnt, lzcnt, tsc, tscinvbit, avx, avx2, aes, clmul, bmi1, bmi2, fma, vzeroupper, clflush

Memory: 4k page, system-wide physical 7582M (2246M free)
TotalPageFile size 7982M (AvailPageFile size 116M)
current process WorkingSet (physical memory assigned to process): 10M, peak: 10M
current process commit charge ("private bytes"): 47M, peak: 167M

vm_info: Java HotSpot(TM) 64-Bit Server VM (17.0.2+8-LTS-86) for windows-amd64 JRE (17.0.2+8-LTS-86), built on Dec  7 2021 21:51:03 by "mach5one" with MS VC++ 16.8 / 16.9 (VS2019)

END.
